
15:42:08 Build Finished (took 7s.197ms)

15:42:08 **** Clean-only build of project design_1_wrapper ****
buildplatform.sh 46029 design_1_wrapper clean 
XSDB Server Channel: tcfchan#9
Cleaning the zynqmp_fsbl application.
rm -rf  psu_init.o  xfsbl_authentication.o  xfsbl_board.o  xfsbl_bs.o  xfsbl_csu_dma.o  xfsbl_ddr_init.o  xfsbl_dfu_util.o  xfs
bl_handoff.o  xfsbl_hooks.o  xfsbl_image_header.o  xfsbl_initialization.o  xfsbl_main.o  xfsbl_misc.o  xfsbl_misc_drivers.o  xf
sbl_nand.o  xfsbl_partition_load.o  xfsbl_plpartition_valid.o  xfsbl_qspi.o  xfsbl_rsa_sha.o  xfsbl_sd.o  xfsbl_usb.o  xfsbl_ex
it.o  xfsbl_translation_table.o zynqmp_fsbl_bsp/psu_cortexa53_0/lib/libxil.a fsbl_a53.elf *.o

Cleaning the zynqmp_fsbl application, bsp
make -C psu_cortexa53_0/libsrc/avbuf_v2_4/src -s clean 

make -C psu_cortexa53_0/libsrc/axipmon_v6_9/src -s clean 

make -C psu_cortexa53_0/libsrc/bram_v4_5/src -s clean 

make -C psu_cortexa53_0/libsrc/clockps_v1_3/src -s clean 

make -C psu_cortexa53_0/libsrc/coresightps_dcc_v1_8/src -s clean 

make -C psu_cortexa53_0/libsrc/cpu_cortexa53_v1_8/src -s clean 

make -C psu_cortexa53_0/libsrc/csudma_v1_7/src -s clean 

make -C psu_cortexa53_0/libsrc/ddrcpsu_v1_3/src -s clean 

make -C psu_cortexa53_0/libsrc/dpdma_v1_3/src -s clean 

make -C psu_cortexa53_0/libsrc/gpiops_v3_8/src -s clean 

make -C psu_cortexa53_0/libsrc/iicps_v3_12/src -s clean 

make -C psu_cortexa53_0/libsrc/ipipsu_v2_7/src -s clean 

make -C psu_cortexa53_0/libsrc/myip_v1_0/src -s clean 

make -C psu_cortexa53_0/libsrc/resetps_v1_4/src -s clean 

make -C psu_cortexa53_0/libsrc/rtcpsu_v1_10/src -s clean 

make -C psu_cortexa53_0/libsrc/scugic_v4_3/src -s clean 

make -C psu_cortexa53_0/libsrc/sdps_v3_10/src -s clean 

make -C psu_cortexa53_0/libsrc/spips_v3_5/src -s clean 

make -C psu_cortexa53_0/libsrc/standalone_v7_3/src -s clean 

make -C psu_cortexa53_0/libsrc/sysmonpsu_v2_7/src -s clean 

make -C psu_cortexa53_0/libsrc/ttcps_v3_12/src -s clean 

make -C psu_cortexa53_0/libsrc/uartps_v3_10/src -s clean 

make -C psu_cortexa53_0/libsrc/usbpsu_v1_8/src -s clean 

make -C psu_cortexa53_0/libsrc/video_common_v4_10/src -s clean 

make -C psu_cortexa53_0/libsrc/wdtps_v3_4/src -s clean 

make -C psu_cortexa53_0/libsrc/xilffs_v4_4/src -s clean 

make -C psu_cortexa53_0/libsrc/xilpm_v3_2/src -s clean 

make -C psu_cortexa53_0/libsrc/xilsecure_v4_3/src -s clean 

make -C psu_cortexa53_0/libsrc/zdma_v1_10/src -s clean 

rm -f psu_cortexa53_0/lib/libxil.a

Cleaning the zynqmp_pmufw application.
rm -rf  idle_hooks.o  pm_binding.o  pm_callbacks.o  pm_clock.o  pm_config.o  pm_core.o  pm_csudma.o  pm_ddr.o  pm_extern.o  pm_
gic_proxy.o  pm_gpp.o  pm_hooks.o  pm_master.o  pm_mmio_access.o  pm_node.o  pm_node_reset.o  pm_notifier.o  pm_periph.o  pm_pi
nctrl.o  pm_pll.o  pm_power.o  pm_proc.o  pm_qspi.o  pm_requirement.o  pm_reset.o  pm_slave.o  pm_sram.o  pm_system.o  pm_usb.o
  xpfw_aib.o  xpfw_core.o  xpfw_crc.o  xpfw_error_manager.o  xpfw_events.o  xpfw_interrupts.o  xpfw_ipi_manager.o  xpfw_main.o 
 xpfw_mod_common.o  xpfw_mod_dap.o  xpfw_mod_em.o  xpfw_mod_legacy.o  xpfw_mod_pm.o  xpfw_mod_rpu.o  xpfw_mod_rtc.o  xpfw_mod_s
ched.o  xpfw_mod_stl.o  xpfw_mod_ultra96.o  xpfw_mod_wdt.o  xpfw_module.o  xpfw_platform.o  xpfw_resets.o  xpfw_restart.o  xpfw
_rom_interface.o  xpfw_scheduler.o  xpfw_user_startup.o  xpfw_util.o  xpfw_xpu.o  xpfw_start.o zynqmp_pmufw_bsp/psu_pmu_0/lib/l
ibxil.a pmufw.elf *.o

Cleaning the zynqmp_pmufw application, bsp
make -C psu_pmu_0/libsrc/avbuf_v2_4/src -s clean 

make -C psu_pmu_0/libsrc/axipmon_v6_9/src -s clean 

make -C psu_pmu_0/libsrc/bram_v4_5/src -s clean 

make -C psu_pmu_0/libsrc/clockps_v1_3/src -s clean 

make -C psu_pmu_0/libsrc/cpu_v2_12/src -s clean 

make -C psu_pmu_0/libsrc/csudma_v1_7/src -s clean 

make -C psu_pmu_0/libsrc/ddrcpsu_v1_3/src -s clean 

make -C psu_pmu_0/libsrc/dpdma_v1_3/src -s clean 

make -C psu_pmu_0/libsrc/gpiops_v3_8/src -s clean 

make -C psu_pmu_0/libsrc/iicps_v3_12/src -s clean 

make -C psu_pmu_0/libsrc/ipipsu_v2_7/src -s clean 

make -C psu_pmu_0/libsrc/myip_v1_0/src -s clean 

make -C psu_pmu_0/libsrc/resetps_v1_4/src -s clean 

make -C psu_pmu_0/libsrc/rtcpsu_v1_10/src -s clean 

make -C psu_pmu_0/libsrc/sdps_v3_10/src -s clean 

make -C psu_pmu_0/libsrc/spips_v3_5/src -s clean 

make -C psu_pmu_0/libsrc/standalone_v7_3/src -s clean 

make -C psu_pmu_0/libsrc/sysmonpsu_v2_7/src -s clean 

make -C psu_pmu_0/libsrc/ttcps_v3_12/src -s clean 

make -C psu_pmu_0/libsrc/uartps_v3_10/src -s clean 

make -C psu_pmu_0/libsrc/usbpsu_v1_8/src -s clean 

make -C psu_pmu_0/libsrc/video_common_v4_10/src -s clean 

make -C psu_pmu_0/libsrc/wdtps_v3_4/src -s clean 

make -C psu_pmu_0/libsrc/xilfpga_v5_3/src -s clean 

make -C psu_pmu_0/libsrc/xilsecure_v4_3/src -s clean 

make -C psu_pmu_0/libsrc/xilskey_v7_0/src -s clean 

make -C psu_pmu_0/libsrc/zdma_v1_10/src -s clean 

rm -f psu_pmu_0/lib/libxil.a

Cleaning the BSP for domain  - standalone_psu_cortexa53_0
make -C psu_cortexa53_0/libsrc/avbuf_v2_4/src -s clean 

make -C psu_cortexa53_0/libsrc/axipmon_v6_9/src -s clean 

make -C psu_cortexa53_0/libsrc/bram_v4_5/src -s clean 

make -C psu_cortexa53_0/libsrc/clockps_v1_3/src -s clean 

make -C psu_cortexa53_0/libsrc/coresightps_dcc_v1_8/src -s clean 

make -C psu_cortexa53_0/libsrc/cpu_cortexa53_v1_8/src -s clean 

make -C psu_cortexa53_0/libsrc/csudma_v1_7/src -s clean 

make -C psu_cortexa53_0/libsrc/ddrcpsu_v1_3/src -s clean 

make -C psu_cortexa53_0/libsrc/dpdma_v1_3/src -s clean 

make -C psu_cortexa53_0/libsrc/gpiops_v3_8/src -s clean 

make -C psu_cortexa53_0/libsrc/iicps_v3_12/src -s clean 

make -C psu_cortexa53_0/libsrc/ipipsu_v2_7/src -s clean 

make -C psu_cortexa53_0/libsrc/myip_v1_0/src -s clean 

make -C psu_cortexa53_0/libsrc/resetps_v1_4/src -s clean 

make -C psu_cortexa53_0/libsrc/rtcpsu_v1_10/src -s clean 

make -C psu_cortexa53_0/libsrc/scugic_v4_3/src -s clean 

make -C psu_cortexa53_0/libsrc/sdps_v3_10/src -s clean 

make -C psu_cortexa53_0/libsrc/spips_v3_5/src -s clean 

make -C psu_cortexa53_0/libsrc/standalone_v7_3/src -s clean 

make -C psu_cortexa53_0/libsrc/sysmonpsu_v2_7/src -s clean 

make -C psu_cortexa53_0/libsrc/ttcps_v3_12/src -s clean 

make -C psu_cortexa53_0/libsrc/uartps_v3_10/src -s clean 

make -C psu_cortexa53_0/libsrc/usbpsu_v1_8/src -s clean 

make -C psu_cortexa53_0/libsrc/video_common_v4_10/src -s clean 

make -C psu_cortexa53_0/libsrc/wdtps_v3_4/src -s clean 

make -C psu_cortexa53_0/libsrc/zdma_v1_10/src -s clean 

rm -f psu_cortexa53_0/lib/libxil.a

15:42:15 **** Clean-only build of configuration Debug for project hello ****
make clean 
rm -rf ./src/helloworld.o ./src/platform.o ./src/helloworld.d ./src/platform.d hello.elf.size  hello.elf
 
15:42:15 **** Clean-only build of configuration Debug for project hello_system ****
make clean 
rm -rf ./_sds
rm -rf package
rm -f system.bif
